Using pre-set license
Built from '2020.3/staging' branch; Version is '2020.3.5f1 (8095aa901b9b) revision 8426922'; Using compiler version '192528614'; Build Type 'Release'
OS: 'Windows 10 Home; OS build 19042.928; Version 2009; 64bit' Language: 'ru' Physical Memory: 12246 MB
BatchMode: 1, IsHumanControllingUs: 0, StartBugReporterOnCrash: 0, Is64bit: 1, IsPro: 0

 COMMAND LINE ARGUMENTS:
D:\UnityEditors\2020.3.5f1\Editor\Unity.exe
-adb2
-batchMode
-noUpm
-name
AssetImportWorker0
-projectPath
D:/Unity Projects/ZomboSpace
-logFile
Logs/AssetImportWorker0.log
-srvPort
50957
Successfully changed project path to: D:/Unity Projects/ZomboSpace
D:/Unity Projects/ZomboSpace
Using Asset Import Pipeline V2.
Refreshing native plugins compatible for Editor in 60.49 ms, found 1 plugins.
Preloading 0 native plugins for Editor in 0.00 ms.
Initialize engine version: 2020.3.5f1 (8095aa901b9b)
[Subsystems] Discovering subsystems at path D:/UnityEditors/2020.3.5f1/Editor/Data/Resources/UnitySubsystems
[Subsystems] Discovering subsystems at path D:/Unity Projects/ZomboSpace/Assets
GfxDevice: creating device client; threaded=0
Direct3D:
    Version:  Direct3D 11.0 [level 11.0]
    Renderer: NVIDIA GeForce GTX 750 Ti (ID=0x1380)
    Vendor:   
    VRAM:     2007 MB
    Driver:   27.21.14.5671
Initialize mono
Mono path[0] = 'D:/UnityEditors/2020.3.5f1/Editor/Data/Managed'
Mono path[1] = 'D:/UnityEditors/2020.3.5f1/Editor/Data/MonoBleedingEdge/lib/mono/unityjit'
Mono config path = 'D:/UnityEditors/2020.3.5f1/Editor/Data/MonoBleedingEdge/etc'
Using monoOptions --debugger-agent=transport=dt_socket,embedding=1,server=y,suspend=n,address=127.0.0.1:56560
Begin MonoManager ReloadAssembly
Registering precompiled unity dll's ...
Register platform support module: D:/UnityEditors/2020.3.5f1/Editor/Data/PlaybackEngines/WebGLSupport/UnityEditor.WebGL.Extensions.dll
Register platform support module: D:/UnityEditors/2020.3.5f1/Editor/Data/PlaybackEngines/WindowsStandaloneSupport/UnityEditor.WindowsStandalone.Extensions.dll
Registered in 0.002044 seconds.
Native extension for WindowsStandalone target not found
Native extension for WebGL target not found
Refreshing native plugins compatible for Editor in 60.14 ms, found 1 plugins.
Preloading 0 native plugins for Editor in 0.00 ms.
Mono: successfully reloaded assembly
- Completed reload, in  1.864 seconds
Platform modules already initialized, skipping
Registering precompiled user dll's ...
Registered in 0.001212 seconds.
Begin MonoManager ReloadAssembly
Native extension for WindowsStandalone target not found
Native extension for WebGL target not found
Refreshing native plugins compatible for Editor in 144.30 ms, found 1 plugins.
Preloading 0 native plugins for Editor in 0.00 ms.
Mono: successfully reloaded assembly
- Completed reload, in  1.954 seconds
Platform modules already initialized, skipping
========================================================================
Worker process is ready to serve import requests
Launched and connected shader compiler UnityShaderCompiler.exe after 0.08 seconds
Refreshing native plugins compatible for Editor in 0.63 ms, found 1 plugins.
Preloading 0 native plugins for Editor in 0.00 ms.
Unloading 2023 Unused Serialized files (Serialized files now loaded: 0)
System memory in use before: 95.8 MB.
System memory in use after: 95.9 MB.

Unloading 21 unused Assets to reduce memory usage. Loaded Objects now: 2487.
Total: 5.152600 ms (FindLiveObjects: 0.711800 ms CreateObjectMapping: 0.307500 ms MarkObjects: 3.989800 ms  DeleteObjects: 0.140700 ms)

========================================================================
Received Import Request.
  path: Assets/Plugins
  artifactKey: Guid(a874d221ef49b7142b57931736eee26b) Importer(815301076,1909f56bfc062723c751e8b465ee728b)
Start importing Assets/Plugins using Guid(a874d221ef49b7142b57931736eee26b) Importer(815301076,1909f56bfc062723c751e8b465ee728b)  -> (artifact id: '0b88973c1fb4df872ae0136889eff488') in 0.040667 seconds
  Import took 0.052030 seconds .

========================================================================
Received Import Request.
  Time since last request: 21.214552 seconds.
  path: Assets/YandexSDK.cs
  artifactKey: Guid(d5afe37a39e705945b7743ae98b340dc) Importer(815301076,1909f56bfc062723c751e8b465ee728b)
Start importing Assets/YandexSDK.cs using Guid(d5afe37a39e705945b7743ae98b340dc) Importer(815301076,1909f56bfc062723c751e8b465ee728b)  -> (artifact id: '92f8027ef6e6d97daebb319f2449000c') in 0.046121 seconds
  Import took 0.084793 seconds .

========================================================================
Received Import Request.
  Time since last request: 183.338361 seconds.
  path: Assets/Scenes
  artifactKey: Guid(fb27c7dcf266e7e4abcb9128561976a5) Importer(815301076,1909f56bfc062723c751e8b465ee728b)
Start importing Assets/Scenes using Guid(fb27c7dcf266e7e4abcb9128561976a5) Importer(815301076,1909f56bfc062723c751e8b465ee728b)  -> (artifact id: 'd2030e8cb50d92dc8e9795798d901aeb') in 0.009262 seconds
  Import took 0.028188 seconds .

========================================================================
Received Import Request.
  Time since last request: 1.031956 seconds.
  path: Assets/Scenes/Level1.unity
  artifactKey: Guid(2cda990e2423bbf4892e6590ba056729) Importer(815301076,1909f56bfc062723c751e8b465ee728b)
Start importing Assets/Scenes/Level1.unity using Guid(2cda990e2423bbf4892e6590ba056729) Importer(815301076,1909f56bfc062723c751e8b465ee728b)  -> (artifact id: '2d51463301376e2ca2b2cd804542d792') in 0.034257 seconds
  Import took 0.046596 seconds .

========================================================================
Received Prepare
Refreshing native plugins compatible for Editor in 3.39 ms, found 1 plugins.
Preloading 0 native plugins for Editor in 0.00 ms.
Unloading 6 Unused Serialized files (Serialized files now loaded: 0)
System memory in use before: 54.2 MB.
System memory in use after: 54.3 MB.

Unloading 6 unused Assets to reduce memory usage. Loaded Objects now: 2487.
Total: 6.621400 ms (FindLiveObjects: 0.526000 ms CreateObjectMapping: 0.136000 ms MarkObjects: 5.911700 ms  DeleteObjects: 0.044200 ms)

AssetImportWorkerClient::OnTransportError - code=2 error=End of file
